{"/home/andreasborg/P2/product/assets/js/test/dateToInt.js": {"path":"/home/andreasborg/P2/product/assets/js/test/dateToInt.js","statementMap":{"0":{"start":{"line":1,"column":13},"end":{"line":1,"column":21}},"1":{"start":{"line":2,"column":14},"end":{"line":2,"column":21}},"2":{"start":{"line":3,"column":12},"end":{"line":3,"column":17}},"3":{"start":{"line":4,"column":13},"end":{"line":4,"column":17}},"4":{"start":{"line":5,"column":15},"end":{"line":5,"column":17}},"5":{"start":{"line":8,"column":19},"end":{"line":8,"column":21}},"6":{"start":{"line":10,"column":4},"end":{"line":17,"column":5}},"7":{"start":{"line":11,"column":8},"end":{"line":16,"column":57}},"8":{"start":{"line":18,"column":4},"end":{"line":18,"column":20}},"9":{"start":{"line":20,"column":0},"end":{"line":20,"column":27}}},"fnMap":{"0":{"name":"dateToInt","decl":{"start":{"line":7,"column":9},"end":{"line":7,"column":18}},"loc":{"start":{"line":7,"column":29},"end":{"line":19,"column":1}},"line":7}},"branchMap":{},"s":{"0":1,"1":1,"2":1,"3":1,"4":1,"5":1,"6":1,"7":4,"8":1,"9":1},"f":{"0":1},"b":{},"_coverageSchema":"1a1c01bbd47fc00a2c39e90264f33305004495a9","hash":"c578cd2edb7c416b84cbb789a8a854edca60d651"}
,"/home/andreasborg/P2/product/assets/js/test/errorCheck.js": {"path":"/home/andreasborg/P2/product/assets/js/test/errorCheck.js","statementMap":{"0":{"start":{"line":1,"column":10},"end":{"line":1,"column":11}},"1":{"start":{"line":7,"column":4},"end":{"line":12,"column":26}},"2":{"start":{"line":7,"column":23},"end":{"line":7,"column":73}},"3":{"start":{"line":9,"column":9},"end":{"line":12,"column":26}},"4":{"start":{"line":9,"column":26},"end":{"line":9,"column":190}},"5":{"start":{"line":10,"column":9},"end":{"line":12,"column":26}},"6":{"start":{"line":10,"column":26},"end":{"line":10,"column":68}},"7":{"start":{"line":12,"column":11},"end":{"line":12,"column":24}},"8":{"start":{"line":14,"column":4},"end":{"line":14,"column":19}},"9":{"start":{"line":17,"column":0},"end":{"line":17,"column":28}}},"fnMap":{"0":{"name":"errorCheck","decl":{"start":{"line":3,"column":9},"end":{"line":3,"column":19}},"loc":{"start":{"line":3,"column":27},"end":{"line":15,"column":1}},"line":3}},"branchMap":{"0":{"loc":{"start":{"line":7,"column":4},"end":{"line":12,"column":26}},"type":"if","locations":[{"start":{"line":7,"column":4},"end":{"line":12,"column":26}},{"start":{"line":7,"column":4},"end":{"line":12,"column":26}}],"line":7},"1":{"loc":{"start":{"line":9,"column":9},"end":{"line":12,"column":26}},"type":"if","locations":[{"start":{"line":9,"column":9},"end":{"line":12,"column":26}},{"start":{"line":9,"column":9},"end":{"line":12,"column":26}}],"line":9},"2":{"loc":{"start":{"line":10,"column":9},"end":{"line":12,"column":26}},"type":"if","locations":[{"start":{"line":10,"column":9},"end":{"line":12,"column":26}},{"start":{"line":10,"column":9},"end":{"line":12,"column":26}}],"line":10}},"s":{"0":1,"1":4,"2":1,"3":3,"4":1,"5":2,"6":1,"7":1,"8":4,"9":1},"f":{"0":4},"b":{"0":[1,3],"1":[1,2],"2":[1,1]},"_coverageSchema":"1a1c01bbd47fc00a2c39e90264f33305004495a9","hash":"2529a92afa0d3ff381add1d33e45c53533ab644b"}
,"/home/andreasborg/P2/product/assets/js/test/findMax.js": {"path":"/home/andreasborg/P2/product/assets/js/test/findMax.js","statementMap":{"0":{"start":{"line":3,"column":14},"end":{"line":3,"column":15}},"1":{"start":{"line":5,"column":4},"end":{"line":8,"column":5}},"2":{"start":{"line":6,"column":8},"end":{"line":7,"column":25}},"3":{"start":{"line":7,"column":12},"end":{"line":7,"column":25}},"4":{"start":{"line":9,"column":4},"end":{"line":9,"column":15}},"5":{"start":{"line":12,"column":0},"end":{"line":12,"column":25}}},"fnMap":{"0":{"name":"findMax","decl":{"start":{"line":2,"column":9},"end":{"line":2,"column":16}},"loc":{"start":{"line":2,"column":21},"end":{"line":10,"column":1}},"line":2}},"branchMap":{"0":{"loc":{"start":{"line":6,"column":8},"end":{"line":7,"column":25}},"type":"if","locations":[{"start":{"line":6,"column":8},"end":{"line":7,"column":25}},{"start":{"line":6,"column":8},"end":{"line":7,"column":25}}],"line":6}},"s":{"0":1,"1":1,"2":7,"3":2,"4":1,"5":1},"f":{"0":1},"b":{"0":[2,5]},"_coverageSchema":"1a1c01bbd47fc00a2c39e90264f33305004495a9","hash":"dd202f4948a0259d554d2ed2b7e9972bd02ca278"}
,"/home/andreasborg/P2/product/assets/js/test/insertionSort.js": {"path":"/home/andreasborg/P2/product/assets/js/test/insertionSort.js","statementMap":{"0":{"start":{"line":2,"column":19},"end":{"line":2,"column":21}},"1":{"start":{"line":3,"column":4},"end":{"line":4,"column":24}},"2":{"start":{"line":4,"column":8},"end":{"line":4,"column":24}},"3":{"start":{"line":6,"column":23},"end":{"line":6,"column":25}},"4":{"start":{"line":7,"column":4},"end":{"line":8,"column":50}},"5":{"start":{"line":8,"column":8},"end":{"line":8,"column":50}},"6":{"start":{"line":11,"column":4},"end":{"line":24,"column":5}},"7":{"start":{"line":13,"column":22},"end":{"line":13,"column":37}},"8":{"start":{"line":14,"column":27},"end":{"line":14,"column":38}},"9":{"start":{"line":16,"column":16},"end":{"line":16,"column":19}},"10":{"start":{"line":17,"column":8},"end":{"line":21,"column":9}},"11":{"start":{"line":18,"column":12},"end":{"line":18,"column":48}},"12":{"start":{"line":19,"column":12},"end":{"line":19,"column":40}},"13":{"start":{"line":20,"column":12},"end":{"line":20,"column":16}},"14":{"start":{"line":22,"column":8},"end":{"line":22,"column":36}},"15":{"start":{"line":23,"column":8},"end":{"line":23,"column":37}},"16":{"start":{"line":25,"column":4},"end":{"line":25,"column":20}},"17":{"start":{"line":28,"column":0},"end":{"line":28,"column":31}}},"fnMap":{"0":{"name":"insertionSort","decl":{"start":{"line":1,"column":9},"end":{"line":1,"column":22}},"loc":{"start":{"line":1,"column":33},"end":{"line":26,"column":1}},"line":1}},"branchMap":{"0":{"loc":{"start":{"line":17,"column":15},"end":{"line":17,"column":53}},"type":"binary-expr","locations":[{"start":{"line":17,"column":16},"end":{"line":17,"column":21}},{"start":{"line":17,"column":27},"end":{"line":17,"column":52}}],"line":17}},"s":{"0":1,"1":1,"2":5,"3":1,"4":1,"5":5,"6":1,"7":3,"8":3,"9":3,"10":3,"11":1,"12":1,"13":1,"14":3,"15":3,"16":1,"17":1},"f":{"0":1},"b":{"0":[4,4]},"_coverageSchema":"1a1c01bbd47fc00a2c39e90264f33305004495a9","hash":"d4c2e6802010dc03fa991e500778b930f5996912"}
,"/home/andreasborg/P2/product/assets/js/test/insertionSortStrings.js": {"path":"/home/andreasborg/P2/product/assets/js/test/insertionSortStrings.js","statementMap":{"0":{"start":{"line":2,"column":19},"end":{"line":2,"column":21}},"1":{"start":{"line":3,"column":4},"end":{"line":4,"column":24}},"2":{"start":{"line":4,"column":8},"end":{"line":4,"column":24}},"3":{"start":{"line":6,"column":23},"end":{"line":6,"column":25}},"4":{"start":{"line":7,"column":4},"end":{"line":8,"column":38}},"5":{"start":{"line":8,"column":8},"end":{"line":8,"column":38}},"6":{"start":{"line":11,"column":4},"end":{"line":24,"column":5}},"7":{"start":{"line":13,"column":22},"end":{"line":13,"column":37}},"8":{"start":{"line":14,"column":27},"end":{"line":14,"column":38}},"9":{"start":{"line":16,"column":16},"end":{"line":16,"column":19}},"10":{"start":{"line":17,"column":8},"end":{"line":21,"column":9}},"11":{"start":{"line":18,"column":12},"end":{"line":18,"column":48}},"12":{"start":{"line":19,"column":12},"end":{"line":19,"column":40}},"13":{"start":{"line":20,"column":12},"end":{"line":20,"column":16}},"14":{"start":{"line":22,"column":8},"end":{"line":22,"column":36}},"15":{"start":{"line":23,"column":8},"end":{"line":23,"column":37}},"16":{"start":{"line":25,"column":4},"end":{"line":25,"column":20}},"17":{"start":{"line":28,"column":0},"end":{"line":28,"column":38}}},"fnMap":{"0":{"name":"insertionSortStrings","decl":{"start":{"line":1,"column":9},"end":{"line":1,"column":29}},"loc":{"start":{"line":1,"column":40},"end":{"line":26,"column":1}},"line":1}},"branchMap":{"0":{"loc":{"start":{"line":17,"column":15},"end":{"line":17,"column":143}},"type":"binary-expr","locations":[{"start":{"line":17,"column":16},"end":{"line":17,"column":21}},{"start":{"line":17,"column":27},"end":{"line":17,"column":142}}],"line":17}},"s":{"0":1,"1":1,"2":7,"3":1,"4":1,"5":7,"6":1,"7":5,"8":5,"9":5,"10":5,"11":7,"12":7,"13":7,"14":5,"15":5,"16":1,"17":1},"f":{"0":1},"b":{"0":[12,12]},"_coverageSchema":"1a1c01bbd47fc00a2c39e90264f33305004495a9","hash":"b8804d796c52a680563f4f573d153bffb9950bb9"}
,"/home/andreasborg/P2/product/assets/js/test/resizeArr.js": {"path":"/home/andreasborg/P2/product/assets/js/test/resizeArr.js","statementMap":{"0":{"start":{"line":2,"column":18},"end":{"line":2,"column":20}},"1":{"start":{"line":7,"column":4},"end":{"line":10,"column":21}},"2":{"start":{"line":8,"column":8},"end":{"line":8,"column":41}},"3":{"start":{"line":10,"column":8},"end":{"line":10,"column":21}},"4":{"start":{"line":12,"column":4},"end":{"line":14,"column":5}},"5":{"start":{"line":13,"column":8},"end":{"line":13,"column":56}},"6":{"start":{"line":16,"column":4},"end":{"line":16,"column":19}},"7":{"start":{"line":19,"column":0},"end":{"line":19,"column":27}}},"fnMap":{"0":{"name":"resizeArr","decl":{"start":{"line":1,"column":9},"end":{"line":1,"column":18}},"loc":{"start":{"line":1,"column":26},"end":{"line":17,"column":1}},"line":1}},"branchMap":{"0":{"loc":{"start":{"line":7,"column":4},"end":{"line":10,"column":21}},"type":"if","locations":[{"start":{"line":7,"column":4},"end":{"line":10,"column":21}},{"start":{"line":7,"column":4},"end":{"line":10,"column":21}}],"line":7}},"s":{"0":2,"1":2,"2":1,"3":1,"4":1,"5":100,"6":1,"7":1},"f":{"0":2},"b":{"0":[1,1]},"_coverageSchema":"1a1c01bbd47fc00a2c39e90264f33305004495a9","hash":"c75f8cc6e25332512ea7e90ee5b22e71eddde5bc"}
,"/home/andreasborg/P2/product/assets/js/test/rk4.js": {"path":"/home/andreasborg/P2/product/assets/js/test/rk4.js","statementMap":{"0":{"start":{"line":1,"column":10},"end":{"line":1,"column":14}},"1":{"start":{"line":1,"column":29},"end":{"line":1,"column":31}},"2":{"start":{"line":3,"column":15},"end":{"line":3,"column":18}},"3":{"start":{"line":7,"column":24},"end":{"line":7,"column":33}},"4":{"start":{"line":9,"column":4},"end":{"line":17,"column":5}},"5":{"start":{"line":11,"column":17},"end":{"line":11,"column":37}},"6":{"start":{"line":12,"column":17},"end":{"line":12,"column":50}},"7":{"start":{"line":13,"column":17},"end":{"line":13,"column":50}},"8":{"start":{"line":14,"column":17},"end":{"line":14,"column":48}},"9":{"start":{"line":16,"column":4},"end":{"line":16,"column":79}},"10":{"start":{"line":19,"column":4},"end":{"line":19,"column":20}},"11":{"start":{"line":22,"column":0},"end":{"line":22,"column":21}}},"fnMap":{"0":{"name":"rk4","decl":{"start":{"line":5,"column":9},"end":{"line":5,"column":12}},"loc":{"start":{"line":5,"column":15},"end":{"line":20,"column":1}},"line":5},"1":{"name":"fTest","decl":{"start":{"line":7,"column":13},"end":{"line":7,"column":18}},"loc":{"start":{"line":7,"column":22},"end":{"line":7,"column":35}},"line":7}},"branchMap":{},"s":{"0":1,"1":1,"2":1,"3":40,"4":1,"5":10,"6":10,"7":10,"8":10,"9":10,"10":1,"11":1},"f":{"0":1,"1":40},"b":{},"_coverageSchema":"1a1c01bbd47fc00a2c39e90264f33305004495a9","hash":"c3e47a5f48954ebd7036d65afa2e170ba9c6e03a"}
}
