TN:
SF:assets/js/test/dateToInt.js
FN:7,dateToInt
FNF:1
FNH:1
FNDA:1,dateToInt
DA:1,1
DA:2,1
DA:3,1
DA:4,1
DA:5,1
DA:8,1
DA:10,1
DA:11,4
DA:18,1
DA:20,1
LF:10
LH:10
BRF:0
BRH:0
end_of_record
TN:
SF:assets/js/test/errorCheck.js
FN:3,errorCheck
FNF:1
FNH:1
FNDA:4,errorCheck
DA:1,1
DA:7,4
DA:9,3
DA:10,2
DA:12,1
DA:14,4
DA:17,1
LF:7
LH:7
BRDA:7,0,0,1
BRDA:7,0,1,3
BRDA:9,1,0,1
BRDA:9,1,1,2
BRDA:10,2,0,1
BRDA:10,2,1,1
BRF:6
BRH:6
end_of_record
TN:
SF:assets/js/test/findMax.js
FN:2,findMax
FNF:1
FNH:1
FNDA:1,findMax
DA:3,1
DA:5,1
DA:6,7
DA:7,2
DA:9,1
DA:12,1
LF:6
LH:6
BRDA:6,0,0,2
BRDA:6,0,1,5
BRF:2
BRH:2
end_of_record
TN:
SF:assets/js/test/insertionSort.js
FN:1,insertionSort
FNF:1
FNH:1
FNDA:1,insertionSort
DA:2,1
DA:3,1
DA:4,5
DA:6,1
DA:7,1
DA:8,5
DA:11,1
DA:13,3
DA:14,3
DA:16,3
DA:17,3
DA:18,1
DA:19,1
DA:20,1
DA:22,3
DA:23,3
DA:25,1
DA:28,1
LF:18
LH:18
BRDA:17,0,0,4
BRDA:17,0,1,4
BRF:2
BRH:2
end_of_record
TN:
SF:assets/js/test/insertionSortStrings.js
FN:1,insertionSortStrings
FNF:1
FNH:1
FNDA:1,insertionSortStrings
DA:2,1
DA:3,1
DA:4,7
DA:6,1
DA:7,1
DA:8,7
DA:11,1
DA:13,5
DA:14,5
DA:16,5
DA:17,5
DA:18,7
DA:19,7
DA:20,7
DA:22,5
DA:23,5
DA:25,1
DA:28,1
LF:18
LH:18
BRDA:17,0,0,12
BRDA:17,0,1,12
BRF:2
BRH:2
end_of_record
TN:
SF:assets/js/test/resizeArr.js
FN:1,resizeArr
FNF:1
FNH:1
FNDA:2,resizeArr
DA:2,2
DA:7,2
DA:8,1
DA:10,1
DA:12,1
DA:13,100
DA:16,1
DA:19,1
LF:8
LH:8
BRDA:7,0,0,1
BRDA:7,0,1,1
BRF:2
BRH:2
end_of_record
TN:
SF:assets/js/test/rk4.js
FN:5,rk4
FN:7,fTest
FNF:2
FNH:2
FNDA:1,rk4
FNDA:40,fTest
DA:1,1
DA:3,1
DA:7,40
DA:9,1
DA:11,10
DA:12,10
DA:13,10
DA:14,10
DA:16,10
DA:19,1
DA:22,1
LF:11
LH:11
BRF:0
BRH:0
end_of_record
